<?xml version="1.0" encoding="UTF-8"?>
<!-- Generated by org.testng.reporters.JUnitReportReporter -->
<testsuite hostname="USHYDYPOOJA8" name="com.cucumber.runner.RunLoginFlow" tests="1" failures="0" timestamp="18 Oct 2019 11:52:05 GMT" time="448.710" errors="0">
  <testcase name="scenario" time="448.710" classname="com.cucumber.runner.RunLoginFlow"/>
</testsuite> <!-- com.cucumber.runner.RunLoginFlow -->
