<?xml version="1.0" encoding="UTF-8"?>
<!-- Generated by org.testng.reporters.JUnitReportReporter -->
<testsuite hostname="USHYDBIPATTAJO9" name="com.cucumber.runner.CreateACaseFlow" tests="1" failures="0" timestamp="17 Feb 2020 06:47:21 GMT" time="207.443" errors="0">
  <testcase name="scenario" time="207.443" classname="com.cucumber.runner.CreateACaseFlow"/>
</testsuite> <!-- com.cucumber.runner.CreateACaseFlow -->
